0 info it worked if it ends with ok
1 verbose cli [ 'C:\\Program Files\\nodejs\\node.exe',
1 verbose cli   'C:\\Program Files\\nodejs\\node_modules\\npm\\bin\\npm-cli.js',
1 verbose cli   'run',
1 verbose cli   'package-win' ]
2 info using npm@3.10.10
3 info using node@v6.11.5
4 verbose run-script [ 'prepackage-win', 'package-win', 'postpackage-win' ]
5 info lifecycle electron-react-bootstrap-template@1.0.0~prepackage-win: electron-react-bootstrap-template@1.0.0
6 silly lifecycle electron-react-bootstrap-template@1.0.0~prepackage-win: no script for prepackage-win, continuing
7 info lifecycle electron-react-bootstrap-template@1.0.0~package-win: electron-react-bootstrap-template@1.0.0
8 verbose lifecycle electron-react-bootstrap-template@1.0.0~package-win: unsafe-perm in lifecycle true
9 verbose lifecycle electron-react-bootstrap-template@1.0.0~package-win: PATH: C:\Program Files\nodejs\node_modules\npm\bin\node-gyp-bin;C:\Users\Burak\Desktop\Burak\bu\Spring 18'\Senior Project\AllPawsInn\node_modules\.bin;C:\Users\Burak\bin;C:\Program Files\Git\mingw64\bin;C:\Program Files\Git\usr\local\bin;C:\Program Files\Git\usr\bin;C:\Program Files\Git\usr\bin;C:\Program Files\Git\mingw64\bin;C:\Program Files\Git\usr\bin;C:\Users\Burak\bin;C:\ProgramData\Oracle\Java\javapath;C:\Program Files\Dell\DW WLAN Card;C:\Program Files (x86)\Intel\iCLS Client;C:\Program Files\Intel\iCLS Client;C:\WINDOWS\system32;C:\WINDOWS;C:\WINDOWS\System32\Wbem;C:\WINDOWS\System32\WindowsPowerShell\v1.0;C:\Program Files (x86)\Intel\Intel(R) Management Engine Components\DAL;C:\Program Files\Intel\Intel(R) Management Engine Components\DAL;C:\Program Files (x86)\Intel\Intel(R) Management Engine Components\IPT;C:\Program Files\Intel\Intel(R) Management Engine Components\IPT;C:\Program Files\WIDCOMM\Bluetooth Software;C:\Program Files\WIDCOMM\Bluetooth Software\syswow64;C:\Program Files\Microsoft SQL Server\130\Tools\Binn;C:\Program Files\dotnet;C:\Program Files\Microsoft SQL Server\Client SDK\ODBC\110\Tools\Binn;C:\Program Files (x86)\Microsoft SQL Server\120\Tools\Binn;C:\Program Files\Microsoft SQL Server\120\Tools\Binn;C:\Program Files\Microsoft SQL Server\120\DTS\Binn;C:\Program Files (x86)\GtkSharp\2.12\bin;C:\Program Files (x86)\Java\jdk1.8.0_121\bin;C:\Program Files (x86)\PuTTY;C:\Program Files (x86)\Skype\Phone;C:\Program Files\MongoDB\Server\3.4\bin;C:\wamp64\bin\php\php5.6.25;C:\ProgramData\ComposerSetup\bin;~\.composer\vendor\bin;C:\Program Files\cURL\bin;C:\Program Files\nodejs;C:\Program Files (x86)\Microsoft SQL Server\Client SDK\ODBC\130\Tools\Binn;C:\Program Files (x86)\Microsoft SQL Server\140\Tools\Binn;C:\Program Files (x86)\Microsoft SQL Server\140\DTS\Binn;C:\Program Files (x86)\Microsoft SQL Server\140\Tools\Binn\ManagementStudio;C:\Program Files\Git\cmd;C:\Ruby24\bin;C:\Ruby24-x64\bin;C:\Users\Burak\AppData\Local\Microsoft\WindowsApps;C:\Program Files (x86)\SSH Communications Security\SSH Secure Shell;C:\Users\Burak\AppData\Roaming\Composer\vendor\bin;C:\Program Files\Heroku\bin;C:\Users\Burak\AppData\Roaming\npm;%USERPROFILE%\AppData\Local\Microsoft\WindowsApps;C:\Program Files\Git\usr\bin\vendor_perl;C:\Program Files\Git\usr\bin\core_perl
10 verbose lifecycle electron-react-bootstrap-template@1.0.0~package-win: CWD: C:\Users\Burak\Desktop\Burak\bu\Spring 18'\Senior Project\AllPawsInn
11 silly lifecycle electron-react-bootstrap-template@1.0.0~package-win: Args: [ '/d /s /c',
11 silly lifecycle   'electron-packager . allpawsinn --overwrite --asar=true --platform=win32 --arch=ia32 --icon=assets/icons/win/icon.ico --prune=true --out=release-builds --version-string.CompanyName=CE --version-string.FileDescription=CE --version-string.ProductName="allpawsinn"' ]
12 silly lifecycle electron-react-bootstrap-template@1.0.0~package-win: Returned: code: 1  signal: null
13 info lifecycle electron-react-bootstrap-template@1.0.0~package-win: Failed to exec package-win script
14 verbose stack Error: electron-react-bootstrap-template@1.0.0 package-win: `electron-packager . allpawsinn --overwrite --asar=true --platform=win32 --arch=ia32 --icon=assets/icons/win/icon.ico --prune=true --out=release-builds --version-string.CompanyName=CE --version-string.FileDescription=CE --version-string.ProductName="allpawsinn"`
14 verbose stack Exit status 1
14 verbose stack     at EventEmitter.<anonymous> (C:\Program Files\nodejs\node_modules\npm\lib\utils\lifecycle.js:255:16)
14 verbose stack     at emitTwo (events.js:106:13)
14 verbose stack     at EventEmitter.emit (events.js:191:7)
14 verbose stack     at ChildProcess.<anonymous> (C:\Program Files\nodejs\node_modules\npm\lib\utils\spawn.js:40:14)
14 verbose stack     at emitTwo (events.js:106:13)
14 verbose stack     at ChildProcess.emit (events.js:191:7)
14 verbose stack     at maybeClose (internal/child_process.js:920:16)
14 verbose stack     at Process.ChildProcess._handle.onexit (internal/child_process.js:230:5)
15 verbose pkgid electron-react-bootstrap-template@1.0.0
16 verbose cwd C:\Users\Burak\Desktop\Burak\bu\Spring 18'\Senior Project\AllPawsInn
17 error Windows_NT 10.0.16299
18 error argv "C:\\Program Files\\nodejs\\node.exe" "C:\\Program Files\\nodejs\\node_modules\\npm\\bin\\npm-cli.js" "run" "package-win"
19 error node v6.11.5
20 error npm  v3.10.10
21 error code ELIFECYCLE
22 error electron-react-bootstrap-template@1.0.0 package-win: `electron-packager . allpawsinn --overwrite --asar=true --platform=win32 --arch=ia32 --icon=assets/icons/win/icon.ico --prune=true --out=release-builds --version-string.CompanyName=CE --version-string.FileDescription=CE --version-string.ProductName="allpawsinn"`
22 error Exit status 1
23 error Failed at the electron-react-bootstrap-template@1.0.0 package-win script 'electron-packager . allpawsinn --overwrite --asar=true --platform=win32 --arch=ia32 --icon=assets/icons/win/icon.ico --prune=true --out=release-builds --version-string.CompanyName=CE --version-string.FileDescription=CE --version-string.ProductName="allpawsinn"'.
23 error Make sure you have the latest version of node.js and npm installed.
23 error If you do, this is most likely a problem with the electron-react-bootstrap-template package,
23 error not with npm itself.
23 error Tell the author that this fails on your system:
23 error     electron-packager . allpawsinn --overwrite --asar=true --platform=win32 --arch=ia32 --icon=assets/icons/win/icon.ico --prune=true --out=release-builds --version-string.CompanyName=CE --version-string.FileDescription=CE --version-string.ProductName="allpawsinn"
23 error You can get information on how to open an issue for this project with:
23 error     npm bugs electron-react-bootstrap-template
23 error Or if that isn't available, you can get their info via:
23 error     npm owner ls electron-react-bootstrap-template
23 error There is likely additional logging output above.
24 verbose exit [ 1, true ]
